<?xml version="1.0" encoding="UTF-8"?>
<!-- Generated by org.testng.reporters.JUnitReportReporter -->
<testsuite skipped="0" hostname="DESKTOP-KFPD178" name="testNGPractice.ExceptionTimeOutTest" tests="1" failures="0" timestamp="01 Nov 2020 23:12:09 GMT" time="0.005" errors="0">
  <testcase name="test" time="0.005" classname="testNGPractice.ExceptionTimeOutTest"/>
</testsuite> <!-- testNGPractice.ExceptionTimeOutTest -->
