<?xml version="1.0" encoding="UTF-8"?>
<!-- Generated by org.testng.reporters.JUnitReportReporter -->
<testsuite skipped="0" hostname="DESKTOP-KFPD178" name="testNGPractice.InvocationCountTest" tests="10" failures="0" timestamp="01 Nov 2020 23:12:09 GMT" time="0.013" errors="0">
  <testcase name="sum" time="0.000" classname="testNGPractice.InvocationCountTest"/>
  <testcase name="sum" time="0.003" classname="testNGPractice.InvocationCountTest"/>
  <testcase name="sum" time="0.002" classname="testNGPractice.InvocationCountTest"/>
  <testcase name="sum" time="0.001" classname="testNGPractice.InvocationCountTest"/>
  <testcase name="sum" time="0.002" classname="testNGPractice.InvocationCountTest"/>
  <testcase name="sum" time="0.000" classname="testNGPractice.InvocationCountTest"/>
  <testcase name="sum" time="0.002" classname="testNGPractice.InvocationCountTest"/>
  <testcase name="sum" time="0.001" classname="testNGPractice.InvocationCountTest"/>
  <testcase name="sum" time="0.001" classname="testNGPractice.InvocationCountTest"/>
  <testcase name="sum" time="0.001" classname="testNGPractice.InvocationCountTest"/>
</testsuite> <!-- testNGPractice.InvocationCountTest -->
