<?xml version="1.0" encoding="UTF-8"?>
<!-- Generated by org.testng.reporters.JUnitReportReporter -->
<testsuite skipped="0" hostname="DESKTOP-KFPD178" name="testNGPractice.TestNGBasics" tests="3" failures="0" timestamp="01 Nov 2020 23:12:09 GMT" time="0.002" errors="0">
  <testcase name="googleTitl" time="0.000" classname="testNGPractice.TestNGBasics"/>
  <testcase name="googleTitl1" time="0.001" classname="testNGPractice.TestNGBasics"/>
  <testcase name="googleTitleTest" time="0.001" classname="testNGPractice.TestNGBasics"/>
</testsuite> <!-- testNGPractice.TestNGBasics -->
